<?xml version="1.0" encoding="UTF-8"?>
<!-- Generated by org.testng.reporters.JUnitReportReporter -->
<testsuite hostname="MSI" failures="0" tests="2" name="test_lazza_auto_prjt.Testlazz" time="197.172" errors="0" timestamp="2024-06-22T19:22:52 IST" skipped="0">
  <testcase classname="test_lazza_auto_prjt.Testlazz" name="tlz1" time="154.652"/>
  <testcase classname="test_lazza_auto_prjt.Testlazz" name="tlz" time="42.520"/>
</testsuite> <!-- test_lazza_auto_prjt.Testlazz -->
